# flick 20250409213616-x5LM
# flick 20250409214221-8Zxl
# flick 20250409214638-5cSy
# flick 20250409230602-65ji
# flick 20250410003644-O35t
# flick 20250410004926-RxTe
# flick 20250410021546-JmoT
# flick 20250410023040-gOGK
# flick 20250410032113-AFEn
# flick 20250410032811-RWFW
# flick 20250410130447-yHlr
# flick 20250410131707-STSf
# flick 20250410144304-0bP4
# flick 20250410145602-mPeS
# flick 20250410152848-uGsz
# flick 20250410154333-UX31
# flick 20250410205734-UkUJ
# flick 20250410214248-QVsx
# flick 20250410225841-KsNo
# flick 20250410235822-9rBB
# flick 20250411000241-8kcn
# flick 20250413010203-33Yw
# flick 20250413011145-Vg2k
# flick 20250413213135-G8M7
# flick 20250413222659-9tCG
# flick 20250413233325-kCNW
# flick 20250414042548-JYCf
# flick 20250414182650-Y092
# flick 20250415194337-zZmr
# flick 20250415200843-S4OH
# flick 20250415205657-7dUu
